SF:lib\src\exception.dart
DA:7,3
DA:11,1
DA:12,2
DA:17,1
DA:21,1
DA:22,2
LF:6
LH:6
end_of_record
SF:lib\src\flutter_injections.dart
DA:16,15
DA:18,5
DA:19,10
DA:20,15
DA:24,3
DA:25,9
DA:26,3
DA:27,6
DA:33,3
DA:35,14
DA:36,6
DA:37,3
DA:43,2
DA:50,2
DA:51,2
DA:55,3
DA:56,9
DA:57,6
DA:69,2
DA:73,1
DA:75,5
DA:76,2
DA:77,1
DA:79,1
DA:83,0
DA:87,2
DA:88,2
LF:27
LH:26
end_of_record
SF:lib\src\inject.dart
DA:32,5
DA:35,1
DA:36,1
DA:37,1
DA:38,1
DA:39,1
DA:40,1
DA:42,5
DA:43,10
DA:44,1
DA:46,15
DA:47,5
DA:50,1
DA:51,1
LF:14
LH:14
end_of_record
SF:lib\src\module.dart
DA:33,1
DA:37,1
DA:39,1
DA:40,2
DA:41,1
LF:5
LH:5
end_of_record
SF:lib\src\widget.dart
DA:12,2
DA:16,2
DA:17,6
DA:20,2
DA:22,2
DA:26,2
DA:28,6
DA:29,2
DA:32,2
DA:34,6
LF:10
LH:10
end_of_record
SF:lib\src\instance.dart
DA:23,5
DA:28,4
DA:29,8
DA:30,1
DA:32,12
DA:34,8
DA:41,4
DA:42,8
DA:43,12
DA:44,8
DA:48,2
DA:49,4
DA:50,4
DA:51,6
DA:55,4
DA:56,20
DA:57,8
DA:60,3
DA:64,6
DA:67,0
DA:68,0
LF:21
LH:19
end_of_record
SF:lib\src\helpers.dart
DA:7,5
DA:8,15
LF:2
LH:2
end_of_record
